Device: 0
Image size: 128
Data type: MicroscopyImages
Indices: 1, 2
filex: ../data/ot_benchmark/MicroscopyImages/data128_1001.dat
filey: ../data/ot_benchmark/MicroscopyImages/data128_1002.dat
device 0: NVIDIA A100-SXM4-80GB 
allocate  for POSHallocate  for POSHtotal layers = 8
layer_coarsest = 3, layer_finest = 7
layer=3
check cell
layer = 3
maxError = 1.0000000000e-04
	eps=1.000000e+08
		kernel entries: 4096
	error = 0.00000000
		final absorption
	eps=3.678794e+07
		kernel entries: 0
		absorbing
		kernel entries: 0
		absorbing
		kernel entries: 0
		absorbing
		kernel entries: 0
		absorbing
		kernel entries: 0
		absorbing
		kernel entries: 0
		absorbing
		kernel entries: 0
		absorbing
		kernel entries: 0
		absorbing
		kernel entries: 0
		absorbing
		kernel entries: 0
		absorbing
		kernel entries: 0
		absorbing
		kernel entries: 0
		absorbing
		kernel entries: 0
		absorbing
		kernel entries: 0
		absorbing
		kernel entries: 0
		absorbing
		kernel entries: 0
		absorbing
		kernel entries: 0
		absorbing
		kernel entries: 0
		absorbing
		kernel entries: 0
		absorbing
		kernel entries: 0
		absorbing
		kernel entries: 0
		absorbing
30201.0000
dataType: MicroscopyImages

1.17627s
写入完成！文件名: sinkhorn_128_0_MicroscopyImages_1_2_1e-04.txt
